#
# There is insufficient memory for the Java Runtime Environment to continue.
# Native memory allocation (malloc) failed to allocate 32744 bytes for ChunkPool::allocate
# Possible reasons:
#   The system is out of physical RAM or swap space
#   The process is running with CompressedOops enabled, and the Java Heap may be blocking the growth of the native heap
# Possible solutions:
#   Reduce memory load on the system
#   Increase physical memory or swap space
#   Check if swap backing store is full
#   Decrease Java heap size (-Xmx/-Xms)
#   Decrease number of Java threads
#   Decrease Java thread stack sizes (-Xss)
#   Set larger code cache with -XX:ReservedCodeCacheSize=
#   JVM is running with Unscaled Compressed Oops mode in which the Java heap is
#     placed in the first 4GB address space. The Java Heap base address is the
#     maximum limit for the native heap growth. Please use -XX:HeapBaseMinAddress
#     to set the Java Heap base and to place the Java Heap above 4GB virtual address.
# This output file may be truncated or incomplete.
#
#  Out of Memory Error (arena.cpp:79), pid=2376, tid=4204
#
# JRE version: OpenJDK Runtime Environment (16.0.1+9) (build 16.0.1+9-24)
# Java VM: OpenJDK 64-Bit Server VM (16.0.1+9-24, mixed mode, tiered, compressed oops, compressed class ptrs, g1 gc, windows-amd64)
# No core dump will be written. Minidumps are not enabled by default on client versions of Windows
#

---------------  S U M M A R Y ------------

Command Line: -Dfile.encoding=UTF-8 -XX:+ShowCodeDetailsInExceptionMessages com.evison.csv.CsvApplication

Host: Intel(R) Core(TM) i3-3110M CPU @ 2.40GHz, 4 cores, 3G,  Windows 7 , 64 bit Build 7601 (6.1.7601.17651)
Time: Sat Dec 17 14:59:02 2022 Egypt Standard Time elapsed time: 216.913534 seconds (0d 0h 3m 36s)

---------------  T H R E A D  ---------------

Current thread (0x000000001a5910a0):  JavaThread "C1 CompilerThread0" daemon [_thread_in_native, id=4204, stack(0x000000005ba10000,0x000000005bb10000)]


Current CompileTask:
C1: 216913 6307   !   3       org.apache.kafka.clients.consumer.internals.Fetcher$1::onSuccess (605 bytes)

Stack: [0x000000005ba10000,0x000000005bb10000]
Native frames: (J=compiled Java code, j=interpreted, Vv=VM code, C=native code)
V  [jvm.dll+0x6687ca]
V  [jvm.dll+0x7ca3c9]
V  [jvm.dll+0x7cbb53]
V  [jvm.dll+0x7cc1b3]
V  [jvm.dll+0x242ea5]
V  [jvm.dll+0xae25f]
V  [jvm.dll+0xae5ac]
V  [jvm.dll+0x174cb3]
V  [jvm.dll+0x174d7e]
V  [jvm.dll+0x17769f]
V  [jvm.dll+0x1797a1]
V  [jvm.dll+0x133373]
V  [jvm.dll+0x132c0f]
V  [jvm.dll+0x132e49]
V  [jvm.dll+0x1322af]
V  [jvm.dll+0x134071]
V  [jvm.dll+0x2253a8]
V  [jvm.dll+0x2233ec]
V  [jvm.dll+0x780002]
V  [jvm.dll+0x779b4a]
V  [jvm.dll+0x667666]
C  [ucrtbase.DLL+0x1d912]
C  [kernel32.dll+0x1652d]
C  [ntdll.dll+0x2c521]


---------------  P R O C E S S  ---------------

Threads class SMR info:
_java_thread_list=0x000000005cd6df40, length=32, elements={
0x000000001a556a90, 0x000000001a558280, 0x000000001a583f70, 0x000000001a587880,
0x000000001a588930, 0x000000001a58c460, 0x000000001a58f360, 0x000000001a5910a0,
0x000000001a5a6170, 0x000000005bd18390, 0x000000005bd25940, 0x000000006224cac0,
0x000000005eeb6c90, 0x000000005e95f380, 0x000000005e960e10, 0x000000005e9608c0,
0x000000005e95ee30, 0x000000005e95f8d0, 0x000000005e95fe20, 0x000000005e9618b0,
0x000000005e961360, 0x000000005e960370, 0x000000005eeb5750, 0x000000005eeb4cb0,
0x000000005eeb3770, 0x000000005eeb4760, 0x000000005eeb5ca0, 0x000000005eeb5200,
0x000000005eeb4210, 0x000000005eeb71e0, 0x000000005eeb3cc0, 0x000000005eeb6740
}

Java Threads: ( => current thread )
  0x000000001a556a90 JavaThread "Reference Handler" daemon [_thread_blocked, id=2968, stack(0x000000001a700000,0x000000001a800000)]
  0x000000001a558280 JavaThread "Finalizer" daemon [_thread_blocked, id=2412, stack(0x000000005b250000,0x000000005b350000)]
  0x000000001a583f70 JavaThread "Signal Dispatcher" daemon [_thread_blocked, id=6876, stack(0x000000005b430000,0x000000005b530000)]
  0x000000001a587880 JavaThread "Attach Listener" daemon [_thread_blocked, id=6860, stack(0x000000005b140000,0x000000005b240000)]
  0x000000001a588930 JavaThread "Service Thread" daemon [_thread_blocked, id=864, stack(0x000000005b6e0000,0x000000005b7e0000)]
  0x000000001a58c460 JavaThread "Monitor Deflation Thread" daemon [_thread_blocked, id=6556, stack(0x000000005b550000,0x000000005b650000)]
  0x000000001a58f360 JavaThread "C2 CompilerThread0" daemon [_thread_blocked, id=2052, stack(0x000000005b840000,0x000000005b940000)]
=>0x000000001a5910a0 JavaThread "C1 CompilerThread0" daemon [_thread_in_native, id=4204, stack(0x000000005ba10000,0x000000005bb10000)]
  0x000000001a5a6170 JavaThread "Sweeper thread" daemon [_thread_blocked, id=2028, stack(0x000000005bb60000,0x000000005bc60000)]
  0x000000005bd18390 JavaThread "Notification Thread" daemon [_thread_blocked, id=628, stack(0x000000005c1e0000,0x000000005c2e0000)]
  0x000000005bd25940 JavaThread "Common-Cleaner" daemon [_thread_blocked, id=3084, stack(0x000000005c5a0000,0x000000005c6a0000)]
  0x000000006224cac0 JavaThread "Live Reload Server" daemon [_thread_in_native, id=4524, stack(0x0000000062e20000,0x0000000062f20000)]
  0x000000005eeb6c90 JavaThread "DestroyJavaVM" [_thread_blocked, id=7140, stack(0x0000000002140000,0x0000000002240000)]
  0x000000005e95f380 JavaThread "Catalina-utility-1" [_thread_blocked, id=3440, stack(0x00000000624e0000,0x00000000625e0000)]
  0x000000005e960e10 JavaThread "Catalina-utility-2" [_thread_blocked, id=6172, stack(0x0000000062640000,0x0000000062740000)]
  0x000000005e9608c0 JavaThread "container-0" [_thread_blocked, id=4688, stack(0x000000005da90000,0x000000005db90000)]
  0x000000005e95ee30 JavaThread "File Watcher" daemon [_thread_blocked, id=4792, stack(0x00000000628f0000,0x00000000629f0000)]
  0x000000005e95f8d0 JavaThread "ThreadPoolTaskScheduler-1" [_thread_blocked, id=1872, stack(0x0000000062af0000,0x0000000062bf0000)]
  0x000000005e95fe20 JavaThread "org.springframework.kafka.KafkaListenerEndpointContainer#0-0-C-1" [_thread_in_native, id=6012, stack(0x0000000062d20000,0x0000000062e20000)]
  0x000000005e9618b0 JavaThread "http-nio-9999-exec-1" daemon [_thread_blocked, id=6088, stack(0x00000000641b0000,0x00000000642b0000)]
  0x000000005e961360 JavaThread "http-nio-9999-exec-2" daemon [_thread_blocked, id=4168, stack(0x00000000642e0000,0x00000000643e0000)]
  0x000000005e960370 JavaThread "http-nio-9999-exec-3" daemon [_thread_blocked, id=5320, stack(0x0000000065540000,0x0000000065640000)]
  0x000000005eeb5750 JavaThread "http-nio-9999-exec-4" daemon [_thread_blocked, id=6372, stack(0x0000000062c10000,0x0000000062d10000)]
  0x000000005eeb4cb0 JavaThread "http-nio-9999-exec-5" daemon [_thread_blocked, id=6656, stack(0x0000000065790000,0x0000000065890000)]
  0x000000005eeb3770 JavaThread "http-nio-9999-exec-6" daemon [_thread_blocked, id=2828, stack(0x0000000065420000,0x0000000065520000)]
  0x000000005eeb4760 JavaThread "http-nio-9999-exec-7" daemon [_thread_blocked, id=7096, stack(0x00000000623e0000,0x00000000624e0000)]
  0x000000005eeb5ca0 JavaThread "http-nio-9999-exec-8" daemon [_thread_blocked, id=5004, stack(0x0000000065ad0000,0x0000000065bd0000)]
  0x000000005eeb5200 JavaThread "http-nio-9999-exec-9" daemon [_thread_blocked, id=2972, stack(0x0000000065c10000,0x0000000065d10000)]
  0x000000005eeb4210 JavaThread "http-nio-9999-exec-10" daemon [_thread_blocked, id=3484, stack(0x0000000065690000,0x0000000065790000)]
  0x000000005eeb71e0 JavaThread "http-nio-9999-Poller" daemon [_thread_in_native, id=2212, stack(0x0000000065d30000,0x0000000065e30000)]
  0x000000005eeb3cc0 JavaThread "http-nio-9999-Acceptor" daemon [_thread_in_native, id=5788, stack(0x0000000065e50000,0x0000000065f50000)]
  0x000000005eeb6740 JavaThread "kafka-coordinator-heartbeat-thread | groupId" daemon [_thread_blocked, id=3236, stack(0x000000005dc70000,0x000000005dd70000)]

Other Threads:
  0x000000001a527b90 VMThread "VM Thread" [stack: 0x000000005b020000,0x000000005b120000] [id=5372]
  0x000000005bd234b0 WatcherThread [stack: 0x000000005c3d0000,0x000000005c4d0000] [id=3984]
  0x00000000004ec8b0 GCTaskThread "GC Thread#0" [stack: 0x0000000017820000,0x0000000017920000] [id=5976]
  0x000000005cc97cd0 GCTaskThread "GC Thread#1" [stack: 0x000000005d880000,0x000000005d980000] [id=6952]
  0x000000005cc99700 GCTaskThread "GC Thread#2" [stack: 0x000000005d990000,0x000000005da90000] [id=1096]
  0x000000005cc9b2c0 GCTaskThread "GC Thread#3" [stack: 0x000000005cea0000,0x000000005cfa0000] [id=6412]
  0x00000000004f6180 ConcurrentGCThread "G1 Main Marker" [stack: 0x00000000179e0000,0x0000000017ae0000] [id=3208]
  0x00000000004f8b80 ConcurrentGCThread "G1 Conc#0" [stack: 0x0000000017c20000,0x0000000017d20000] [id=5668]
  0x0000000019f50080 ConcurrentGCThread "G1 Refine#0" [stack: 0x000000001a150000,0x000000001a250000] [id=1044]
  0x000000005cc96f60 ConcurrentGCThread "G1 Refine#1" [stack: 0x000000005c0b0000,0x000000005c1b0000] [id=3896]
  0x0000000019f50a90 ConcurrentGCThread "G1 Service" [stack: 0x000000001a340000,0x000000001a440000] [id=2868]

Threads with active compile tasks:
C1 CompilerThread0   217075 6307   !   3       org.apache.kafka.clients.consumer.internals.Fetcher$1::onSuccess (605 bytes)

VM state: not at safepoint (normal execution)

VM Mutex/Monitor currently owned by a thread: None

Heap address: 0x00000000c1a00000, size: 998 MB, Compressed Oops mode: 32-bit

CDS disabled.
Compressed class space mapped at: 0x000000001a800000-0x000000005a800000, reserved size: 1073741824
Narrow klass base: 0x0000000000000000, Narrow klass shift: 0, Narrow klass range: 0x5a800000

GC Precious Log:
 CPUs: 4 total, 4 available
 Memory: 3991M
 Large Page Support: Disabled
 NUMA Support: Disabled
 Compressed Oops: Enabled (32-bit)
 Heap Region Size: 1M
 Heap Min Capacity: 8M
 Heap Initial Capacity: 64M
 Heap Max Capacity: 998M
 Pre-touch: Disabled
 Parallel Workers: 4
 Concurrent Workers: 1
 Concurrent Refinement Workers: 4
 Periodic GC: Disabled

Heap:
 garbage-first heap   total 35840K, used 20140K [0x00000000c1a00000, 0x0000000100000000)
  region size 1024K, 5 young (5120K), 2 survivors (2048K)
 Metaspace       used 53323K, committed 53696K, reserved 1097728K
  class space    used 5917K, committed 6080K, reserved 1048576K

Heap Regions: E=young(eden), S=young(survivor), O=old, HS=humongous(starts), HC=humongous(continues), CS=collection set, F=free, OA=open archive, CA=closed archive, TAMS=top-at-mark-start (previous, next)
|   0|0x00000000c1a00000, 0x00000000c1afffe0, 0x00000000c1b00000| 99%| O|  |TAMS 0x00000000c1afffe0, 0x00000000c1a00000| Untracked 
|   1|0x00000000c1b00000, 0x00000000c1c00000, 0x00000000c1c00000|100%| O|  |TAMS 0x00000000c1c00000, 0x00000000c1b00000| Untracked 
|   2|0x00000000c1c00000, 0x00000000c1cf7928, 0x00000000c1d00000| 96%| O|  |TAMS 0x00000000c1cf7928, 0x00000000c1c00000| Untracked 
|   3|0x00000000c1d00000, 0x00000000c1dfffc8, 0x00000000c1e00000| 99%| O|  |TAMS 0x00000000c1dfffc8, 0x00000000c1d00000| Untracked 
|   4|0x00000000c1e00000, 0x00000000c1f00000, 0x00000000c1f00000|100%| O|  |TAMS 0x00000000c1f00000, 0x00000000c1e00000| Untracked 
|   5|0x00000000c1f00000, 0x00000000c1fffff8, 0x00000000c2000000| 99%| O|  |TAMS 0x00000000c1fffff8, 0x00000000c1f00000| Untracked 
|   6|0x00000000c2000000, 0x00000000c20ffff0, 0x00000000c2100000| 99%| O|  |TAMS 0x00000000c20ffff0, 0x00000000c2000000| Untracked 
|   7|0x00000000c2100000, 0x00000000c21fffc8, 0x00000000c2200000| 99%| O|  |TAMS 0x00000000c21fffc8, 0x00000000c2100000| Untracked 
|   8|0x00000000c2200000, 0x00000000c22fffc0, 0x00000000c2300000| 99%| O|  |TAMS 0x00000000c22fffc0, 0x00000000c2200000| Untracked 
|   9|0x00000000c2300000, 0x00000000c23fff70, 0x00000000c2400000| 99%| O|  |TAMS 0x00000000c23fff70, 0x00000000c2300000| Untracked 
|  10|0x00000000c2400000, 0x00000000c24ffff0, 0x00000000c2500000| 99%| O|  |TAMS 0x00000000c24ffff0, 0x00000000c2400000| Untracked 
|  11|0x00000000c2500000, 0x00000000c25ffff8, 0x00000000c2600000| 99%| O|  |TAMS 0x00000000c25ffff8, 0x00000000c2500000| Untracked 
|  12|0x00000000c2600000, 0x00000000c26fffd8, 0x00000000c2700000| 99%| O|  |TAMS 0x00000000c26fffd8, 0x00000000c2600000| Complete 
|  13|0x00000000c2700000, 0x00000000c27fffc0, 0x00000000c2800000| 99%| O|  |TAMS 0x00000000c27fffc0, 0x00000000c2700000| Complete 
|  14|0x00000000c2800000, 0x00000000c2885ae8, 0x00000000c2900000| 52%| O|  |TAMS 0x00000000c2885ae8, 0x00000000c2800000| Complete 
|  15|0x00000000c2900000, 0x00000000c29b2398, 0x00000000c2a00000| 69%| O|  |TAMS 0x00000000c29b2398, 0x00000000c2900000| Complete 
|  16|0x00000000c2a00000, 0x00000000c2ae0800, 0x00000000c2b00000| 87%| O|  |TAMS 0x00000000c2ae0800, 0x00000000c2a00000| Untracked 
|  17|0x00000000c2b00000, 0x00000000c2b00000, 0x00000000c2c00000|  0%| F|  |TAMS 0x00000000c2b00000, 0x00000000c2b00000| Untracked 
|  18|0x00000000c2c00000, 0x00000000c2c00000, 0x00000000c2d00000|  0%| F|  |TAMS 0x00000000c2c00000, 0x00000000c2c00000| Untracked 
|  19|0x00000000c2d00000, 0x00000000c2d00000, 0x00000000c2e00000|  0%| F|  |TAMS 0x00000000c2d00000, 0x00000000c2d00000| Untracked 
|  20|0x00000000c2e00000, 0x00000000c2e00000, 0x00000000c2f00000|  0%| F|  |TAMS 0x00000000c2e00000, 0x00000000c2e00000| Untracked 
|  21|0x00000000c2f00000, 0x00000000c2f00000, 0x00000000c3000000|  0%| F|  |TAMS 0x00000000c2f00000, 0x00000000c2f00000| Untracked 
|  22|0x00000000c3000000, 0x00000000c309b3d0, 0x00000000c3100000| 60%| S|CS|TAMS 0x00000000c3000000, 0x00000000c3000000| Complete 
|  23|0x00000000c3100000, 0x00000000c3200000, 0x00000000c3200000|100%| S|CS|TAMS 0x00000000c3100000, 0x00000000c3100000| Complete 
|  24|0x00000000c3200000, 0x00000000c3200000, 0x00000000c3300000|  0%| F|  |TAMS 0x00000000c3200000, 0x00000000c3200000| Untracked 
|  25|0x00000000c3300000, 0x00000000c3300000, 0x00000000c3400000|  0%| F|  |TAMS 0x00000000c3300000, 0x00000000c3300000| Untracked 
|  26|0x00000000c3400000, 0x00000000c3400000, 0x00000000c3500000|  0%| F|  |TAMS 0x00000000c3400000, 0x00000000c3400000| Untracked 
|  27|0x00000000c3500000, 0x00000000c3500000, 0x00000000c3600000|  0%| F|  |TAMS 0x00000000c3500000, 0x00000000c3500000| Untracked 
|  28|0x00000000c3600000, 0x00000000c3600000, 0x00000000c3700000|  0%| F|  |TAMS 0x00000000c3600000, 0x00000000c3600000| Untracked 
|  29|0x00000000c3700000, 0x00000000c3700000, 0x00000000c3800000|  0%| F|  |TAMS 0x00000000c3700000, 0x00000000c3700000| Untracked 
|  30|0x00000000c3800000, 0x00000000c3800000, 0x00000000c3900000|  0%| F|  |TAMS 0x00000000c3800000, 0x00000000c3800000| Untracked 
|  36|0x00000000c3e00000, 0x00000000c3e00000, 0x00000000c3f00000|  0%| F|  |TAMS 0x00000000c3e00000, 0x00000000c3e00000| Untracked 
|  37|0x00000000c3f00000, 0x00000000c3fd4a40, 0x00000000c4000000| 83%| E|  |TAMS 0x00000000c3f00000, 0x00000000c3f00000| Complete 
|  38|0x00000000c4000000, 0x00000000c4100000, 0x00000000c4100000|100%| E|CS|TAMS 0x00000000c4000000, 0x00000000c4000000| Complete 
|  63|0x00000000c5900000, 0x00000000c5a00000, 0x00000000c5a00000|100%| E|CS|TAMS 0x00000000c5900000, 0x00000000c5900000| Complete 

Card table byte_map: [0x0000000015340000,0x0000000015540000] _byte_map_base: 0x0000000014d33000

Marking Bits (Prev, Next): (CMBitMap*) 0x00000000004eceb0, (CMBitMap*) 0x00000000004ecef0
 Prev Bits: [0x0000000015740000, 0x00000000166d8000)
 Next Bits: [0x00000000166e0000, 0x0000000017678000)

Polling page: 0x0000000000130000

Metaspace:

Usage:
  Non-class:     46.30 MB used.
      Class:      5.78 MB used.
       Both:     52.07 MB used.

Virtual space:
  Non-class space:       48.00 MB reserved,      46.50 MB ( 97%) committed,  6 nodes.
      Class space:        1.00 GB reserved,       5.94 MB ( <1%) committed,  1 nodes.
              Both:        1.05 GB reserved,      52.44 MB (  5%) committed. 

Chunk freelists:
   Non-Class:  1.24 MB
       Class:  2.02 MB
        Both:  3.26 MB

MaxMetaspaceSize: 17179869184.00 GB
CompressedClassSpaceSize: 1.00 GB
 - commit_granule_bytes: 65536.
 - commit_granule_words: 8192.
 - virtual_space_node_default_size: 1048576.
 - enlarge_chunks_in_place: 1.
 - new_chunks_are_fully_committed: 0.
 - uncommit_free_chunks: 1.
 - use_allocation_guard: 0.
 - handle_deallocations: 1.


Internal statistics:

num_allocs_failed_limit: 6.
num_arena_births: 414.
num_arena_deaths: 4.
num_vsnodes_births: 7.
num_vsnodes_deaths: 0.
num_space_committed: 839.
num_space_uncommitted: 0.
num_chunks_returned_to_freelist: 10.
num_chunks_taken_from_freelist: 1955.
num_chunk_merges: 6.
num_chunk_splits: 1400.
num_chunks_enlarged: 1109.
num_purges: 4.

CodeHeap 'non-profiled nmethods': size=120000Kb used=2749Kb max_used=2749Kb free=117250Kb
 bounds [0x000000000d5f0000, 0x000000000d8a0000, 0x0000000014b20000]
CodeHeap 'profiled nmethods': size=120000Kb used=11243Kb max_used=11243Kb free=108756Kb
 bounds [0x00000000060c0000, 0x0000000006bc0000, 0x000000000d5f0000]
CodeHeap 'non-nmethods': size=5760Kb used=1319Kb max_used=1388Kb free=4440Kb
 bounds [0x0000000005b20000, 0x0000000005d90000, 0x00000000060c0000]
 total_blobs=6193 nmethods=5543 adapters=562
 compilation: enabled
              stopped_count=0, restarted_count=0
 full_count=0

Compilation events (20 events):
Event: 208.894 Thread 0x000000001a5910a0 nmethod 6296 0x0000000006bab590 code [0x0000000006bab760, 0x0000000006babb18]
Event: 210.241 Thread 0x000000001a58f360 6297       4       java.nio.ByteBuffer::limit (6 bytes)
Event: 210.244 Thread 0x000000001a58f360 nmethod 6297 0x000000000d89f410 code [0x000000000d89f5a0, 0x000000000d89f698]
Event: 210.894 Thread 0x000000001a5910a0 6298       3       java.util.concurrent.ThreadPoolExecutor$Worker::unlock (7 bytes)
Event: 210.894 Thread 0x000000001a5910a0 nmethod 6298 0x0000000006babc90 code [0x0000000006babe40, 0x0000000006bac0a8]
Event: 210.894 Thread 0x000000001a5910a0 6299       3       java.util.concurrent.ThreadPoolExecutor$Worker::tryRelease (12 bytes)
Event: 210.895 Thread 0x000000001a5910a0 nmethod 6299 0x0000000006bac190 code [0x0000000006bac320, 0x0000000006bac498]
Event: 211.894 Thread 0x000000001a5910a0 6300   !   3       java.util.concurrent.ThreadPoolExecutor::getTask (177 bytes)
Event: 211.896 Thread 0x000000001a5910a0 nmethod 6300 0x0000000006bac510 code [0x0000000006bac7a0, 0x0000000006bad618]
Event: 211.896 Thread 0x000000001a5910a0 6302   !   3       java.util.concurrent.ScheduledThreadPoolExecutor$DelayedWorkQueue::take (203 bytes)
Event: 211.900 Thread 0x000000001a5910a0 nmethod 6302 0x0000000006bada90 code [0x0000000006bade40, 0x0000000006baf608]
Event: 211.900 Thread 0x000000001a5910a0 6301       3       java.util.concurrent.ScheduledThreadPoolExecutor$DelayedWorkQueue::take (5 bytes)
Event: 211.900 Thread 0x000000001a5910a0 nmethod 6301 0x0000000006bb0090 code [0x0000000006bb0240, 0x0000000006bb0388]
Event: 214.769 Thread 0x000000001a5910a0 6303       3       org.apache.kafka.common.requests.FetchRequest$Builder::build (417 bytes)
Event: 214.777 Thread 0x000000001a5910a0 nmethod 6303 0x0000000006bb0410 code [0x0000000006bb0a20, 0x0000000006bb4368]
Event: 216.277 Thread 0x000000001a5910a0 6304       3       org.apache.kafka.clients.NetworkClient::doSend (135 bytes)
Event: 216.280 Thread 0x000000001a5910a0 nmethod 6304 0x0000000006bb5790 code [0x0000000006bb5a80, 0x0000000006bb6fd8]
Event: 216.779 Thread 0x000000001a5910a0 6305       3       org.apache.kafka.common.message.FetchResponseData::read (409 bytes)
Event: 216.785 Thread 0x000000001a5910a0 nmethod 6305 0x0000000006bb7710 code [0x0000000006bb7d40, 0x0000000006bbb008]
Event: 216.785 Thread 0x000000001a5910a0 6307   !   3       org.apache.kafka.clients.consumer.internals.Fetcher$1::onSuccess (605 bytes)

GC Heap History (20 events):
Event: 97.597 GC heap before
{Heap before GC invocations=20 (full 0):
 garbage-first heap   total 34816K, used 19210K [0x00000000c1a00000, 0x0000000100000000)
  region size 1024K, 2 young (2048K), 1 survivors (1024K)
 Metaspace       used 51848K, committed 52160K, reserved 1097728K
  class space    used 5857K, committed 6016K, reserved 1048576K
}
Event: 97.615 GC heap after
{Heap after GC invocations=21 (full 0):
 garbage-first heap   total 34816K, used 17383K [0x00000000c1a00000, 0x0000000100000000)
  region size 1024K, 1 young (1024K), 1 survivors (1024K)
 Metaspace       used 51848K, committed 52160K, reserved 1097728K
  class space    used 5857K, committed 6016K, reserved 1048576K
}
Event: 134.141 GC heap before
{Heap before GC invocations=21 (full 0):
 garbage-first heap   total 34816K, used 21479K [0x00000000c1a00000, 0x0000000100000000)
  region size 1024K, 6 young (6144K), 1 survivors (1024K)
 Metaspace       used 52133K, committed 52544K, reserved 1097728K
  class space    used 5887K, committed 6080K, reserved 1048576K
}
Event: 134.208 GC heap after
{Heap after GC invocations=22 (full 1):
 garbage-first heap   total 34816K, used 15410K [0x00000000c1a00000, 0x0000000100000000)
  region size 1024K, 0 young (0K), 0 survivors (0K)
 Metaspace       used 52133K, committed 52544K, reserved 1097728K
  class space    used 5887K, committed 6080K, reserved 1048576K
}
Event: 134.533 GC heap before
{Heap before GC invocations=22 (full 1):
 garbage-first heap   total 34816K, used 25650K [0x00000000c1a00000, 0x0000000100000000)
  region size 1024K, 11 young (11264K), 0 survivors (0K)
 Metaspace       used 52301K, committed 52672K, reserved 1097728K
  class space    used 5891K, committed 6080K, reserved 1048576K
}
Event: 134.536 GC heap after
{Heap after GC invocations=23 (full 1):
 garbage-first heap   total 34816K, used 16814K [0x00000000c1a00000, 0x0000000100000000)
  region size 1024K, 2 young (2048K), 2 survivors (2048K)
 Metaspace       used 52301K, committed 52672K, reserved 1097728K
  class space    used 5891K, committed 6080K, reserved 1048576K
}
Event: 134.828 GC heap before
{Heap before GC invocations=24 (full 1):
 garbage-first heap   total 34816K, used 25006K [0x00000000c1a00000, 0x0000000100000000)
  region size 1024K, 11 young (11264K), 2 survivors (2048K)
 Metaspace       used 52415K, committed 52800K, reserved 1097728K
  class space    used 5894K, committed 6080K, reserved 1048576K
}
Event: 134.833 GC heap after
{Heap after GC invocations=25 (full 1):
 garbage-first heap   total 34816K, used 17282K [0x00000000c1a00000, 0x0000000100000000)
  region size 1024K, 1 young (1024K), 1 survivors (1024K)
 Metaspace       used 52415K, committed 52800K, reserved 1097728K
  class space    used 5894K, committed 6080K, reserved 1048576K
}
Event: 135.174 GC heap before
{Heap before GC invocations=25 (full 1):
 garbage-first heap   total 34816K, used 26498K [0x00000000c1a00000, 0x0000000100000000)
  region size 1024K, 10 young (10240K), 1 survivors (1024K)
 Metaspace       used 52640K, committed 53056K, reserved 1097728K
  class space    used 5896K, committed 6080K, reserved 1048576K
}
Event: 135.178 GC heap after
{Heap after GC invocations=26 (full 1):
 garbage-first heap   total 34816K, used 17857K [0x00000000c1a00000, 0x0000000100000000)
  region size 1024K, 2 young (2048K), 2 survivors (2048K)
 Metaspace       used 52640K, committed 53056K, reserved 1097728K
  class space    used 5896K, committed 6080K, reserved 1048576K
}
Event: 187.868 GC heap before
{Heap before GC invocations=27 (full 1):
 garbage-first heap   total 35840K, used 26049K [0x00000000c1a00000, 0x0000000100000000)
  region size 1024K, 10 young (10240K), 2 survivors (2048K)
 Metaspace       used 52888K, committed 53312K, reserved 1097728K
  class space    used 5909K, committed 6080K, reserved 1048576K
}
Event: 187.876 GC heap after
{Heap after GC invocations=28 (full 1):
 garbage-first heap   total 35840K, used 18050K [0x00000000c1a00000, 0x0000000100000000)
  region size 1024K, 2 young (2048K), 2 survivors (2048K)
 Metaspace       used 52888K, committed 53312K, reserved 1097728K
  class space    used 5909K, committed 6080K, reserved 1048576K
}
Event: 187.897 GC heap before
{Heap before GC invocations=28 (full 1):
 garbage-first heap   total 35840K, used 18050K [0x00000000c1a00000, 0x0000000100000000)
  region size 1024K, 3 young (3072K), 2 survivors (2048K)
 Metaspace       used 52888K, committed 53312K, reserved 1097728K
  class space    used 5909K, committed 6080K, reserved 1048576K
}
Event: 187.966 GC heap after
{Heap after GC invocations=29 (full 2):
 garbage-first heap   total 35840K, used 15549K [0x00000000c1a00000, 0x0000000100000000)
  region size 1024K, 0 young (0K), 0 survivors (0K)
 Metaspace       used 52885K, committed 53312K, reserved 1097728K
  class space    used 5909K, committed 6080K, reserved 1048576K
}
Event: 188.377 GC heap before
{Heap before GC invocations=29 (full 2):
 garbage-first heap   total 35840K, used 26813K [0x00000000c1a00000, 0x0000000100000000)
  region size 1024K, 12 young (12288K), 0 survivors (0K)
 Metaspace       used 52971K, committed 53376K, reserved 1097728K
  class space    used 5912K, committed 6080K, reserved 1048576K
}
Event: 188.380 GC heap after
{Heap after GC invocations=30 (full 2):
 garbage-first heap   total 35840K, used 17059K [0x00000000c1a00000, 0x0000000100000000)
  region size 1024K, 2 young (2048K), 2 survivors (2048K)
 Metaspace       used 52971K, committed 53376K, reserved 1097728K
  class space    used 5912K, committed 6080K, reserved 1048576K
}
Event: 188.612 GC heap before
{Heap before GC invocations=31 (full 2):
 garbage-first heap   total 35840K, used 26275K [0x00000000c1a00000, 0x0000000100000000)
  region size 1024K, 12 young (12288K), 2 survivors (2048K)
 Metaspace       used 53058K, committed 53440K, reserved 1097728K
  class space    used 5914K, committed 6080K, reserved 1048576K
}
Event: 188.617 GC heap after
{Heap after GC invocations=32 (full 2):
 garbage-first heap   total 35840K, used 17443K [0x00000000c1a00000, 0x0000000100000000)
  region size 1024K, 1 young (1024K), 1 survivors (1024K)
 Metaspace       used 53058K, committed 53440K, reserved 1097728K
  class space    used 5914K, committed 6080K, reserved 1048576K
}
Event: 188.911 GC heap before
{Heap before GC invocations=32 (full 2):
 garbage-first heap   total 35840K, used 27683K [0x00000000c1a00000, 0x0000000100000000)
  region size 1024K, 11 young (11264K), 1 survivors (1024K)
 Metaspace       used 53287K, committed 53632K, reserved 1097728K
  class space    used 5917K, committed 6080K, reserved 1048576K
}
Event: 188.917 GC heap after
{Heap after GC invocations=33 (full 2):
 garbage-first heap   total 35840K, used 18092K [0x00000000c1a00000, 0x0000000100000000)
  region size 1024K, 2 young (2048K), 2 survivors (2048K)
 Metaspace       used 53287K, committed 53632K, reserved 1097728K
  class space    used 5917K, committed 6080K, reserved 1048576K
}

Deoptimization events (20 events):
Event: 188.355 Thread 0x000000005e95de40 DEOPT PACKING pc=0x000000000d72d2e0 sp=0x000000005dded680
Event: 188.355 Thread 0x000000005e95de40 DEOPT UNPACKING pc=0x0000000005b6d72e sp=0x000000005dded640 mode 2
Event: 188.355 Thread 0x000000005e95de40 Uncommon trap: trap_request=0xffffffd6 fr.pc=0x000000000d72d2e0 relative=0x0000000000000700
Event: 188.355 Thread 0x000000005e95de40 Uncommon trap: reason=array_check action=maybe_recompile pc=0x000000000d72d2e0 method=java.util.AbstractCollection.toArray([Ljava/lang/Object;)[Ljava/lang/Object; @ 116 c2
Event: 188.355 Thread 0x000000005e95de40 DEOPT PACKING pc=0x000000000d72d2e0 sp=0x000000005dded480
Event: 188.355 Thread 0x000000005e95de40 DEOPT UNPACKING pc=0x0000000005b6d72e sp=0x000000005dded440 mode 2
Event: 188.652 Thread 0x000000005e95de40 Uncommon trap: trap_request=0xffffffde fr.pc=0x000000000d6a70cc relative=0x000000000000106c
Event: 188.652 Thread 0x000000005e95de40 Uncommon trap: reason=class_check action=maybe_recompile pc=0x000000000d6a70cc method=java.util.concurrent.ConcurrentHashMap.putVal(Ljava/lang/Object;Ljava/lang/Object;Z)Ljava/lang/Object; @ 242 c2
Event: 188.652 Thread 0x000000005e95de40 DEOPT PACKING pc=0x000000000d6a70cc sp=0x000000005dded5d0
Event: 188.652 Thread 0x000000005e95de40 DEOPT UNPACKING pc=0x0000000005b6d72e sp=0x000000005dded550 mode 2
Event: 188.707 Thread 0x000000005e95de40 DEOPT PACKING pc=0x0000000006b13e48 sp=0x000000005dde6140
Event: 188.707 Thread 0x000000005e95de40 DEOPT UNPACKING pc=0x0000000005b6dece sp=0x000000005dde5618 mode 0
Event: 188.853 Thread 0x000000005e95f8d0 DEOPT PACKING pc=0x00000000068de295 sp=0x0000000062c0e460
Event: 188.853 Thread 0x000000005e95f8d0 DEOPT UNPACKING pc=0x0000000005b6dece sp=0x0000000062c0d910 mode 0
Event: 188.880 Thread 0x000000005e95de40 DEOPT PACKING pc=0x00000000068de295 sp=0x000000005ddecf60
Event: 188.880 Thread 0x000000005e95de40 DEOPT UNPACKING pc=0x0000000005b6dece sp=0x000000005ddec410 mode 0
Event: 189.018 Thread 0x000000005e95fe20 DEOPT PACKING pc=0x0000000006a7d66f sp=0x0000000062e1e570
Event: 189.018 Thread 0x000000005e95fe20 DEOPT UNPACKING pc=0x0000000005b6dece sp=0x0000000062e1da10 mode 0
Event: 189.554 Thread 0x000000005e95fe20 DEOPT PACKING pc=0x00000000068de295 sp=0x0000000062e1e740
Event: 189.554 Thread 0x000000005e95fe20 DEOPT UNPACKING pc=0x0000000005b6dece sp=0x0000000062e1dbf0 mode 0

Classes unloaded (2 events):
Event: 187.919 Thread 0x000000001a527b90 Unloading class 0x000000001adea000 'org/apache/catalina/loader/JdbcLeakPrevention'
Event: 189.003 Thread 0x000000001a527b90 Unloading class 0x000000001adf7c00 'org/apache/catalina/loader/JdbcLeakPrevention'

Classes redefined (0 events):
No events

Internal exceptions (20 events):
Event: 134.255 Thread 0x000000005e95de40 Exception <a 'java/io/FileNotFoundException'{0x00000000c5964c00}> (0x00000000c5964c00) 
thrown [t:\workspace\open\src\hotspot\share\prims\jni.cpp, line 579]
Event: 134.731 Thread 0x000000005e95de40 Exception <a 'java/lang/NoClassDefFoundError'{0x00000000c375d7e8}: org/flywaydb/core/Flyway> (0x00000000c375d7e8) 
thrown [t:\workspace\open\src\hotspot\share\oops\constantPool.cpp, line 809]
Event: 134.731 Thread 0x000000005e95de40 Exception <a 'java/lang/NoClassDefFoundError'{0x00000000c375db10}: liquibase/integration/spring/SpringLiquibase> (0x00000000c375db10) 
thrown [t:\workspace\open\src\hotspot\share\oops\constantPool.cpp, line 809]
Event: 134.745 Thread 0x000000005e95de40 Implicit null exception at 0x000000000d7e9363 to 0x000000000d7eb954
Event: 134.837 Thread 0x000000005e95de40 Exception <a 'sun/nio/fs/WindowsException'{0x00000000c59e38b8}> (0x00000000c59e38b8) 
thrown [t:\workspace\open\src\hotspot\share\prims\jni.cpp, line 579]
Event: 134.837 Thread 0x000000005e95de40 Exception <a 'sun/nio/fs/WindowsException'{0x00000000c59e3f20}> (0x00000000c59e3f20) 
thrown [t:\workspace\open\src\hotspot\share\prims\jni.cpp, line 579]
Event: 134.838 Thread 0x000000005e95de40 Exception <a 'sun/nio/fs/WindowsException'{0x00000000c59e45f8}> (0x00000000c59e45f8) 
thrown [t:\workspace\open\src\hotspot\share\prims\jni.cpp, line 579]
Event: 134.850 Thread 0x000000005e95de40 Exception <a 'java/io/FileNotFoundException'{0x00000000c400f0e0}> (0x00000000c400f0e0) 
thrown [t:\workspace\open\src\hotspot\share\prims\jni.cpp, line 579]
Event: 134.881 Thread 0x000000005e95de40 Exception <a 'java/io/FileNotFoundException'{0x00000000c3f7c348}> (0x00000000c3f7c348) 
thrown [t:\workspace\open\src\hotspot\share\prims\jni.cpp, line 579]
Event: 143.823 Thread 0x000000005e960e10 Exception <a 'java/lang/NoClassDefFoundError'{0x00000000c38f1650}: sun/reflect/Reflection> (0x00000000c38f1650) 
thrown [t:\workspace\open\src\hotspot\share\classfile\systemDictionary.cpp, line 245]
Event: 143.840 Thread 0x000000005e960e10 Exception <a 'java/lang/NoSuchMethodError'{0x00000000c37427b0}: 'int java.lang.invoke.DirectMethodHandle$Holder.invokeStatic(java.lang.Object, java.lang.Object, java.lang.Object, java.lang.Object, java.lang.Object)'> (0x00000000c37427b0) 
thrown [t:\workspace\open\src\hotspot\share\interpreter\linkResolver.cpp, line 790]
Event: 187.854 Thread 0x000000005e95fe20 Exception <a 'java/lang/InterruptedException'{0x00000000c35d9e70}: sleep interrupted> (0x00000000c35d9e70) 
thrown [t:\workspace\open\src\hotspot\share\prims\jvm.cpp, line 3305]
Event: 188.121 Thread 0x000000005e95de40 Exception <a 'java/io/FileNotFoundException'{0x00000000c5965760}> (0x00000000c5965760) 
thrown [t:\workspace\open\src\hotspot\share\prims\jni.cpp, line 579]
Event: 188.521 Thread 0x000000005e95de40 Exception <a 'java/lang/NoClassDefFoundError'{0x00000000c3e57e10}: org/flywaydb/core/Flyway> (0x00000000c3e57e10) 
thrown [t:\workspace\open\src\hotspot\share\oops\constantPool.cpp, line 809]
Event: 188.521 Thread 0x000000005e95de40 Exception <a 'java/lang/NoClassDefFoundError'{0x00000000c3e58138}: liquibase/integration/spring/SpringLiquibase> (0x00000000c3e58138) 
thrown [t:\workspace\open\src\hotspot\share\oops\constantPool.cpp, line 809]
Event: 188.589 Thread 0x000000005e95de40 Exception <a 'sun/nio/fs/WindowsException'{0x00000000c34b0400}> (0x00000000c34b0400) 
thrown [t:\workspace\open\src\hotspot\share\prims\jni.cpp, line 579]
Event: 188.590 Thread 0x000000005e95de40 Exception <a 'sun/nio/fs/WindowsException'{0x00000000c34b0a68}> (0x00000000c34b0a68) 
thrown [t:\workspace\open\src\hotspot\share\prims\jni.cpp, line 579]
Event: 188.590 Thread 0x000000005e95de40 Exception <a 'sun/nio/fs/WindowsException'{0x00000000c34b1140}> (0x00000000c34b1140) 
thrown [t:\workspace\open\src\hotspot\share\prims\jni.cpp, line 579]
Event: 188.599 Thread 0x000000005e95de40 Exception <a 'java/io/FileNotFoundException'{0x00000000c34db710}> (0x00000000c34db710) 
thrown [t:\workspace\open\src\hotspot\share\prims\jni.cpp, line 579]
Event: 188.625 Thread 0x000000005e95de40 Exception <a 'java/io/FileNotFoundException'{0x00000000c5940bf0}> (0x00000000c5940bf0) 
thrown [t:\workspace\open\src\hotspot\share\prims\jni.cpp, line 579]

Events (20 events):
Event: 188.918 Executing  VM operation: G1CollectForAllocation done
Event: 188.995 Executing  VM operation: G1Concurrent
Event: 189.016 Executing  VM operation: G1Concurrent done
Event: 189.052 Executing  VM operation: G1Concurrent
Event: 189.052 Executing  VM operation: G1Concurrent done
Event: 191.052 Executing  VM operation: Cleanup
Event: 191.052 Executing  VM operation: Cleanup done
Event: 191.076 Thread 0x000000005c6a7ae0 Thread exited: 0x000000005c6a7ae0
Event: 199.053 Executing  VM operation: Cleanup
Event: 199.053 Executing  VM operation: Cleanup done
Event: 201.053 Executing  VM operation: Cleanup
Event: 201.053 Executing  VM operation: Cleanup done
Event: 203.053 Executing  VM operation: Cleanup
Event: 203.053 Executing  VM operation: Cleanup done
Event: 205.053 Executing  VM operation: Cleanup
Event: 205.053 Executing  VM operation: Cleanup done
Event: 207.053 Executing  VM operation: Cleanup
Event: 207.053 Executing  VM operation: Cleanup done
Event: 211.053 Executing  VM operation: Cleanup
Event: 211.053 Executing  VM operation: Cleanup done


Dynamic libraries:
0x000000013fe30000 - 0x000000013fe3e000 	E:\JAVA\New folder\eclipse\plugins\org.eclipse.justj.openjdk.hotspot.jre.full.win32.x86_64_16.0.1.v20210528-1205\jre\bin\javaw.exe
0x0000000077ad0000 - 0x0000000077c79000 	C:\Windows\SYSTEM32\ntdll.dll
0x00000000778b0000 - 0x00000000779cf000 	C:\Windows\system32\kernel32.dll
0x000007fefdb10000 - 0x000007fefdb7c000 	C:\Windows\system32\KERNELBASE.dll
0x000007fef3c60000 - 0x000007fef3c78000 	E:\JAVA\New folder\eclipse\plugins\org.eclipse.justj.openjdk.hotspot.jre.full.win32.x86_64_16.0.1.v20210528-1205\jre\bin\jli.dll
0x000007fefc3b0000 - 0x000007fefc5a4000 	C:\Windows\WinSxS\amd64_microsoft.windows.common-controls_6595b64144ccf1df_6.0.7601.17514_none_fa396087175ac9ac\COMCTL32.dll
0x000007fefea50000 - 0x000007fefeaef000 	C:\Windows\system32\msvcrt.dll
0x000007fefdfd0000 - 0x000007fefe037000 	C:\Windows\system32\GDI32.dll
0x00000000779d0000 - 0x0000000077aca000 	C:\Windows\system32\USER32.dll
0x000007fefe090000 - 0x000007fefe09e000 	C:\Windows\system32\LPK.dll
0x000007fefddf0000 - 0x000007fefdeb9000 	C:\Windows\system32\USP10.dll
0x000007fefe6b0000 - 0x000007fefe721000 	C:\Windows\system32\SHLWAPI.dll
0x000007feed360000 - 0x000007feed379000 	E:\JAVA\New folder\eclipse\plugins\org.eclipse.justj.openjdk.hotspot.jre.full.win32.x86_64_16.0.1.v20210528-1205\jre\bin\VCRUNTIME140.dll
0x000007fef3c50000 - 0x000007fef3c54000 	E:\JAVA\New folder\eclipse\plugins\org.eclipse.justj.openjdk.hotspot.jre.full.win32.x86_64_16.0.1.v20210528-1205\jre\bin\api-ms-win-crt-runtime-l1-1-0.dll
0x000007feedab0000 - 0x000007feedbaa000 	E:\JAVA\New folder\eclipse\plugins\org.eclipse.justj.openjdk.hotspot.jre.full.win32.x86_64_16.0.1.v20210528-1205\jre\bin\ucrtbase.DLL
0x000007fef3c40000 - 0x000007fef3c43000 	E:\JAVA\New folder\eclipse\plugins\org.eclipse.justj.openjdk.hotspot.jre.full.win32.x86_64_16.0.1.v20210528-1205\jre\bin\api-ms-win-core-localization-l1-2-0.dll
0x000007fef3c30000 - 0x000007fef3c33000 	E:\JAVA\New folder\eclipse\plugins\org.eclipse.justj.openjdk.hotspot.jre.full.win32.x86_64_16.0.1.v20210528-1205\jre\bin\api-ms-win-core-processthreads-l1-1-1.dll
0x000007fef3c20000 - 0x000007fef3c23000 	E:\JAVA\New folder\eclipse\plugins\org.eclipse.justj.openjdk.hotspot.jre.full.win32.x86_64_16.0.1.v20210528-1205\jre\bin\api-ms-win-core-file-l1-2-0.dll
0x000007fef3c10000 - 0x000007fef3c13000 	E:\JAVA\New folder\eclipse\plugins\org.eclipse.justj.openjdk.hotspot.jre.full.win32.x86_64_16.0.1.v20210528-1205\jre\bin\api-ms-win-core-timezone-l1-1-0.dll
0x000007fef3c00000 - 0x000007fef3c03000 	E:\JAVA\New folder\eclipse\plugins\org.eclipse.justj.openjdk.hotspot.jre.full.win32.x86_64_16.0.1.v20210528-1205\jre\bin\api-ms-win-core-file-l2-1-0.dll
0x000007fef3bf0000 - 0x000007fef3bf3000 	E:\JAVA\New folder\eclipse\plugins\org.eclipse.justj.openjdk.hotspot.jre.full.win32.x86_64_16.0.1.v20210528-1205\jre\bin\api-ms-win-core-synch-l1-2-0.dll
0x000007fef3be0000 - 0x000007fef3be3000 	E:\JAVA\New folder\eclipse\plugins\org.eclipse.justj.openjdk.hotspot.jre.full.win32.x86_64_16.0.1.v20210528-1205\jre\bin\api-ms-win-crt-heap-l1-1-0.dll
0x000007fef3bd0000 - 0x000007fef3bd4000 	E:\JAVA\New folder\eclipse\plugins\org.eclipse.justj.openjdk.hotspot.jre.full.win32.x86_64_16.0.1.v20210528-1205\jre\bin\api-ms-win-crt-string-l1-1-0.dll
0x000007fef3bc0000 - 0x000007fef3bc4000 	E:\JAVA\New folder\eclipse\plugins\org.eclipse.justj.openjdk.hotspot.jre.full.win32.x86_64_16.0.1.v20210528-1205\jre\bin\api-ms-win-crt-stdio-l1-1-0.dll
0x000007fef3bb0000 - 0x000007fef3bb4000 	E:\JAVA\New folder\eclipse\plugins\org.eclipse.justj.openjdk.hotspot.jre.full.win32.x86_64_16.0.1.v20210528-1205\jre\bin\api-ms-win-crt-convert-l1-1-0.dll
0x000007fef3b90000 - 0x000007fef3b93000 	E:\JAVA\New folder\eclipse\plugins\org.eclipse.justj.openjdk.hotspot.jre.full.win32.x86_64_16.0.1.v20210528-1205\jre\bin\api-ms-win-crt-environment-l1-1-0.dll
0x000007fef3b80000 - 0x000007fef3b83000 	E:\JAVA\New folder\eclipse\plugins\org.eclipse.justj.openjdk.hotspot.jre.full.win32.x86_64_16.0.1.v20210528-1205\jre\bin\api-ms-win-crt-filesystem-l1-1-0.dll
0x000007fef3b50000 - 0x000007fef3b55000 	E:\JAVA\New folder\eclipse\plugins\org.eclipse.justj.openjdk.hotspot.jre.full.win32.x86_64_16.0.1.v20210528-1205\jre\bin\api-ms-win-crt-math-l1-1-0.dll
0x000007fef3b40000 - 0x000007fef3b43000 	E:\JAVA\New folder\eclipse\plugins\org.eclipse.justj.openjdk.hotspot.jre.full.win32.x86_64_16.0.1.v20210528-1205\jre\bin\api-ms-win-crt-locale-l1-1-0.dll
0x000007fefeb60000 - 0x000007fefeb8e000 	C:\Windows\system32\IMM32.DLL
0x000007fefdec0000 - 0x000007fefdfc9000 	C:\Windows\system32\MSCTF.dll
0x000007feec5d0000 - 0x000007feec5dc000 	E:\JAVA\New folder\eclipse\plugins\org.eclipse.justj.openjdk.hotspot.jre.full.win32.x86_64_16.0.1.v20210528-1205\jre\bin\vcruntime140_1.dll
0x000007feeb680000 - 0x000007feeb711000 	E:\JAVA\New folder\eclipse\plugins\org.eclipse.justj.openjdk.hotspot.jre.full.win32.x86_64_16.0.1.v20210528-1205\jre\bin\msvcp140.dll
0x000007fef3b30000 - 0x000007fef3b33000 	E:\JAVA\New folder\eclipse\plugins\org.eclipse.justj.openjdk.hotspot.jre.full.win32.x86_64_16.0.1.v20210528-1205\jre\bin\api-ms-win-crt-time-l1-1-0.dll
0x000007fef3b20000 - 0x000007fef3b23000 	E:\JAVA\New folder\eclipse\plugins\org.eclipse.justj.openjdk.hotspot.jre.full.win32.x86_64_16.0.1.v20210528-1205\jre\bin\api-ms-win-crt-utility-l1-1-0.dll
0x000007feec770000 - 0x000007feed31b000 	E:\JAVA\New folder\eclipse\plugins\org.eclipse.justj.openjdk.hotspot.jre.full.win32.x86_64_16.0.1.v20210528-1205\jre\bin\server\jvm.dll
0x000007fefe370000 - 0x000007fefe44b000 	C:\Windows\system32\ADVAPI32.dll
0x000007fefe350000 - 0x000007fefe36f000 	C:\Windows\SYSTEM32\sechost.dll
0x000007fefe0a0000 - 0x000007fefe1cd000 	C:\Windows\system32\RPCRT4.dll
0x000007feef240000 - 0x000007feef249000 	C:\Windows\system32\WSOCK32.dll
0x000007fefe040000 - 0x000007fefe08d000 	C:\Windows\system32\WS2_32.dll
0x000007fefeaf0000 - 0x000007fefeaf8000 	C:\Windows\system32\NSI.dll
0x000007fefb890000 - 0x000007fefb8cb000 	C:\Windows\system32\WINMM.dll
0x000007fefcb80000 - 0x000007fefcb8c000 	C:\Windows\system32\VERSION.dll
0x0000000077c90000 - 0x0000000077c97000 	C:\Windows\system32\PSAPI.DLL
0x000007feec570000 - 0x000007feec57a000 	E:\JAVA\New folder\eclipse\plugins\org.eclipse.justj.openjdk.hotspot.jre.full.win32.x86_64_16.0.1.v20210528-1205\jre\bin\jimage.dll
0x000007feeefb0000 - 0x000007feef0d5000 	C:\Windows\system32\DBGHELP.DLL
0x000007feec540000 - 0x000007feec565000 	E:\JAVA\New folder\eclipse\plugins\org.eclipse.justj.openjdk.hotspot.jre.full.win32.x86_64_16.0.1.v20210528-1205\jre\bin\java.dll
0x000007feec520000 - 0x000007feec538000 	E:\JAVA\New folder\eclipse\plugins\org.eclipse.justj.openjdk.hotspot.jre.full.win32.x86_64_16.0.1.v20210528-1205\jre\bin\zip.dll
0x000007feff050000 - 0x000007feffdd8000 	C:\Windows\system32\SHELL32.dll
0x000007fefee40000 - 0x000007feff043000 	C:\Windows\system32\ole32.dll
0x000007fefda20000 - 0x000007fefda2f000 	C:\Windows\system32\profapi.dll
0x000007feec500000 - 0x000007feec519000 	E:\JAVA\New folder\eclipse\plugins\org.eclipse.justj.openjdk.hotspot.jre.full.win32.x86_64_16.0.1.v20210528-1205\jre\bin\net.dll
0x000007fef32c0000 - 0x000007fef3331000 	C:\Windows\system32\WINHTTP.dll
0x000007fef3250000 - 0x000007fef32b4000 	C:\Windows\system32\webio.dll
0x000007fefd250000 - 0x000007fefd2a5000 	C:\Windows\system32\mswsock.dll
0x000007fefd240000 - 0x000007fefd247000 	C:\Windows\System32\wship6.dll
0x000007feec4e0000 - 0x000007feec4f3000 	E:\JAVA\New folder\eclipse\plugins\org.eclipse.justj.openjdk.hotspot.jre.full.win32.x86_64_16.0.1.v20210528-1205\jre\bin\nio.dll
0x000007feec580000 - 0x000007feec590000 	E:\JAVA\New folder\eclipse\plugins\org.eclipse.justj.openjdk.hotspot.jre.full.win32.x86_64_16.0.1.v20210528-1205\jre\bin\verify.dll
0x000007fef3b10000 - 0x000007fef3b19000 	E:\JAVA\New folder\eclipse\plugins\org.eclipse.justj.openjdk.hotspot.jre.full.win32.x86_64_16.0.1.v20210528-1205\jre\bin\management.dll
0x000007fef3b00000 - 0x000007fef3b0b000 	E:\JAVA\New folder\eclipse\plugins\org.eclipse.justj.openjdk.hotspot.jre.full.win32.x86_64_16.0.1.v20210528-1205\jre\bin\management_ext.dll
0x000007fefc010000 - 0x000007fefc025000 	C:\Windows\system32\NLAapi.dll
0x000007feeef90000 - 0x000007feeefa5000 	C:\Windows\system32\napinsp.dll
0x000007feeef60000 - 0x000007feeef79000 	C:\Windows\system32\pnrpnsp.dll
0x000007fefd0d0000 - 0x000007fefd12b000 	C:\Windows\system32\DNSAPI.dll
0x000007feeef50000 - 0x000007feeef5b000 	C:\Windows\System32\winrnr.dll
0x000007fefcc50000 - 0x000007fefcc57000 	C:\Windows\System32\wshtcpip.dll
0x000007fefb440000 - 0x000007fefb467000 	C:\Windows\system32\IPHLPAPI.DLL
0x000007fefb400000 - 0x000007fefb40b000 	C:\Windows\system32\WINNSI.DLL
0x000007feee4a0000 - 0x000007feee4a8000 	C:\Windows\system32\rasadhlp.dll
0x000007fefb3a0000 - 0x000007fefb3f3000 	C:\Windows\System32\fwpuclnt.dll
0x000007fefd2b0000 - 0x000007fefd2c7000 	C:\Windows\system32\CRYPTSP.dll
0x000007fefcfb0000 - 0x000007fefcff7000 	C:\Windows\system32\rsaenh.dll
0x000007fefcd70000 - 0x000007fefcd8f000 	C:\Windows\system32\USERENV.dll
0x000007fefd950000 - 0x000007fefd95f000 	C:\Windows\system32\CRYPTBASE.dll
0x000007fefb050000 - 0x000007fefb068000 	C:\Windows\system32\dhcpcsvc.DLL
0x000007fefae10000 - 0x000007fefae21000 	C:\Windows\system32\dhcpcsvc6.DLL
0x000007feeac90000 - 0x000007feeac9e000 	E:\JAVA\New folder\eclipse\plugins\org.eclipse.justj.openjdk.hotspot.jre.full.win32.x86_64_16.0.1.v20210528-1205\jre\bin\sunmscapi.dll
0x000007fefdc20000 - 0x000007fefdd87000 	C:\Windows\system32\CRYPT32.dll
0x000007fefdac0000 - 0x000007fefdacf000 	C:\Windows\system32\MSASN1.dll
0x000007fefd430000 - 0x000007fefd47e000 	C:\Windows\system32\ncrypt.dll
0x000007fefd400000 - 0x000007fefd422000 	C:\Windows\system32\bcrypt.dll

dbghelp: loaded successfully - version: 4.0.5 - missing functions: none
symbol engine: initialized successfully - sym options: 0x614 - pdb path: .;E:\JAVA\New folder\eclipse\plugins\org.eclipse.justj.openjdk.hotspot.jre.full.win32.x86_64_16.0.1.v20210528-1205\jre\bin;C:\Windows\SYSTEM32;C:\Windows\WinSxS\amd64_microsoft.windows.common-controls_6595b64144ccf1df_6.0.7601.17514_none_fa396087175ac9ac;E:\JAVA\New folder\eclipse\plugins\org.eclipse.justj.openjdk.hotspot.jre.full.win32.x86_64_16.0.1.v20210528-1205\jre\bin\server

VM Arguments:
jvm_args: -Dfile.encoding=UTF-8 -XX:+ShowCodeDetailsInExceptionMessages 
java_command: com.evison.csv.CsvApplication
java_class_path (initial): E:\kafka\csv\target\classes;C:\Users\asmaa\.m2\repository\org\springframework\boot\spring-boot-starter-web\2.7.6\spring-boot-starter-web-2.7.6.jar;C:\Users\asmaa\.m2\repository\org\springframework\boot\spring-boot-starter\2.7.6\spring-boot-starter-2.7.6.jar;C:\Users\asmaa\.m2\repository\org\springframework\boot\spring-boot-starter-logging\2.7.6\spring-boot-starter-logging-2.7.6.jar;C:\Users\asmaa\.m2\repository\ch\qos\logback\logback-classic\1.2.11\logback-classic-1.2.11.jar;C:\Users\asmaa\.m2\repository\ch\qos\logback\logback-core\1.2.11\logback-core-1.2.11.jar;C:\Users\asmaa\.m2\repository\org\apache\logging\log4j\log4j-to-slf4j\2.17.2\log4j-to-slf4j-2.17.2.jar;C:\Users\asmaa\.m2\repository\org\apache\logging\log4j\log4j-api\2.17.2\log4j-api-2.17.2.jar;C:\Users\asmaa\.m2\repository\org\slf4j\jul-to-slf4j\1.7.36\jul-to-slf4j-1.7.36.jar;C:\Users\asmaa\.m2\repository\jakarta\annotation\jakarta.annotation-api\1.3.5\jakarta.annotation-api-1.3.5.jar;C:\Users\asmaa\.m2\repository\org\yaml\snakeyaml\1.30\snakeyaml-1.30.jar;C:\Users\asmaa\.m2\repository\org\springframework\boot\spring-boot-starter-json\2.7.6\spring-boot-starter-json-2.7.6.jar;C:\Users\asmaa\.m2\repository\com\fasterxml\jackson\core\jackson-databind\2.13.4.2\jackson-databind-2.13.4.2.jar;C:\Users\asmaa\.m2\repository\com\fasterxml\jackson\core\jackson-annotations\2.13.4\jackson-annotations-2.13.4.jar;C:\Users\asmaa\.m2\repository\com\fasterxml\jackson\core\jackson-core\2.13.4\jackson-core-2.13.4.jar;C:\Users\asmaa\.m2\repository\com\fasterxml\jackson\datatype\jackson-datatype-jdk8\2.13.4\jackson-datatype-jdk8-2.13.4.jar;C:\Users\asmaa\.m2\repository\com\fasterxml\jackson\datatype\jackson-datatype-jsr310\2.13.4\jackson-datatype-jsr310-2.13.4.jar;C:\Users\asmaa\.m2\repository\com\fasterxml\jackson\module\jackson-module-parameter-names\2.13.4\jackson-module-parameter-names-2.13.4.jar;C:\Users\asmaa\.m2\repository\org\springframework\boot\spring-boot-starter-tomcat\2.7.6\spring-boot
Launcher Type: SUN_STANDARD

[Global flags]
     intx CICompilerCount                          = 3                                         {product} {ergonomic}
     uint ConcGCThreads                            = 1                                         {product} {ergonomic}
     uint G1ConcRefinementThreads                  = 4                                         {product} {ergonomic}
   size_t G1HeapRegionSize                         = 1048576                                   {product} {ergonomic}
    uintx GCDrainStackTargetSize                   = 64                                        {product} {ergonomic}
   size_t InitialHeapSize                          = 67108864                                  {product} {ergonomic}
   size_t MarkStackSize                            = 4194304                                   {product} {ergonomic}
   size_t MaxHeapSize                              = 1046478848                                {product} {ergonomic}
   size_t MaxNewSize                               = 627048448                                 {product} {ergonomic}
   size_t MinHeapDeltaBytes                        = 1048576                                   {product} {ergonomic}
   size_t MinHeapSize                              = 8388608                                   {product} {ergonomic}
    uintx NonNMethodCodeHeapSize                   = 5832780                                {pd product} {ergonomic}
    uintx NonProfiledCodeHeapSize                  = 122912730                              {pd product} {ergonomic}
    uintx ProfiledCodeHeapSize                     = 122912730                              {pd product} {ergonomic}
    uintx ReservedCodeCacheSize                    = 251658240                              {pd product} {ergonomic}
     bool SegmentedCodeCache                       = true                                      {product} {ergonomic}
     bool ShowCodeDetailsInExceptionMessages       = true                                   {manageable} {command line}
   size_t SoftMaxHeapSize                          = 1046478848                             {manageable} {ergonomic}
     bool UseCompressedClassPointers               = true                           {product lp64_product} {ergonomic}
     bool UseCompressedOops                        = true                           {product lp64_product} {ergonomic}
     bool UseG1GC                                  = true                                      {product} {ergonomic}
     bool UseLargePagesIndividualAllocation        = false                                  {pd product} {ergonomic}

Logging:
Log output configuration:
 #0: stdout all=warning uptime,level,tags
 #1: stderr all=off uptime,level,tags

Environment Variables:
PATH=E:/JAVA/New folder/eclipse//plugins/org.eclipse.justj.openjdk.hotspot.jre.full.win32.x86_64_16.0.1.v20210528-1205/jre/bin/server;E:/JAVA/New folder/eclipse//plugins/org.eclipse.justj.openjdk.hotspot.jre.full.win32.x86_64_16.0.1.v20210528-1205/jre/bin;C:\Program Files\Common Files\Oracle\Java\javapath;C:\oraclexe\app\oracle\product\11.2.0\server\bin;C:\Program Files (x86)\Common Files\Oracle\Java\javapath;C:\Program Files (x86)\AMD APP\bin\x86_64;C:\Program Files (x86)\AMD APP\bin\x86;C:\Windows\system32;C:\Windows;C:\Windows\System32\Wbem;C:\Windows\System32\WindowsPowerShell\v1.0\;C:\Program Files (x86)\Skype\Phone\;C:\Program Files\Java\jdk1.8.0_201\bin;C:\Program Files\Git\cmd;E:\JAVA\New folder\eclipse;
USERNAME=asmaa
OS=Windows_NT
PROCESSOR_IDENTIFIER=Intel64 Family 6 Model 58 Stepping 9, GenuineIntel



---------------  S Y S T E M  ---------------

OS:
 Windows 7 , 64 bit Build 7601 (6.1.7601.17651)
OS uptime: 0 days 2:27 hours

CPU: total 4 (initial active 4) (2 cores per cpu, 2 threads per core) family 6 model 58 stepping 9 microcode 0x0, cx8, cmov, fxsr, ht, mmx, sse, sse2, sse3, ssse3, sse4.1, sse4.2, popcnt, tsc, tscinvbit, avx, erms, clmul, vzeroupper, clflush

Memory: 4k page, system-wide physical 3991M (715M free)
TotalPageFile size 9366M (AvailPageFile size 4M)
current process WorkingSet (physical memory assigned to process): 164M, peak: 206M
current process commit charge ("private bytes"): 198M, peak: 233M

vm_info: OpenJDK 64-Bit Server VM (16.0.1+9-24) for windows-amd64 JRE (16.0.1+9-24), built on Mar 26 2021 19:30:07 by "mach5one" with MS VC++ 16.7 (VS2019)

END.
